Using pre-set license
Built from '2021.3/staging' branch; Version is '2021.3.13f1 (9e7d58001ecf) revision 10386776'; Using compiler version '192829333'; Build Type 'Release'
OS: 'Windows 10  (10.0.19044) 64bit Professional' Language: 'fr' Physical Memory: 16315 MB
BatchMode: 1, IsHumanControllingUs: 0, StartBugReporterOnCrash: 0, Is64bit: 1, IsPro: 1

COMMAND LINE ARGUMENTS:
C:\Program Files\Unity\Hub\Editor\2021.3.13f1\Editor\Unity.exe
-adb2
-batchMode
-noUpm
-name
AssetImportWorker1
-projectPath
E:/git/cuadrado/Cuadrado/Cuadrado
-logFile
Logs/AssetImportWorker1.log
-srvPort
59769
Successfully changed project path to: E:/git/cuadrado/Cuadrado/Cuadrado
E:/git/cuadrado/Cuadrado/Cuadrado
[UnityMemory] Configuration Parameters - Can be set up in boot.config
    "memorysetup-bucket-allocator-granularity=16"
    "memorysetup-bucket-allocator-bucket-count=8"
    "memorysetup-bucket-allocator-block-size=33554432"
    "memorysetup-bucket-allocator-block-count=8"
    "memorysetup-main-allocator-block-size=16777216"
    "memorysetup-thread-allocator-block-size=16777216"
    "memorysetup-gfx-main-allocator-block-size=16777216"
    "memorysetup-gfx-thread-allocator-block-size=16777216"
    "memorysetup-cache-allocator-block-size=4194304"
    "memorysetup-typetree-allocator-block-size=2097152"
    "memorysetup-profiler-bucket-allocator-granularity=16"
    "memorysetup-profiler-bucket-allocator-bucket-count=8"
    "memorysetup-profiler-bucket-allocator-block-size=33554432"
    "memorysetup-profiler-bucket-allocator-block-count=8"
    "memorysetup-profiler-allocator-block-size=16777216"
    "memorysetup-profiler-editor-allocator-block-size=1048576"
    "memorysetup-temp-allocator-size-main=16777216"
    "memorysetup-job-temp-allocator-block-size=2097152"
    "memorysetup-job-temp-allocator-block-size-background=1048576"
    "memorysetup-job-temp-allocator-reduction-small-platforms=262144"
    "memorysetup-temp-allocator-size-background-worker=32768"
    "memorysetup-temp-allocator-size-job-worker=262144"
    "memorysetup-temp-allocator-size-preload-manager=33554432"
    "memorysetup-temp-allocator-size-nav-mesh-worker=65536"
    "memorysetup-temp-allocator-size-audio-worker=65536"
    "memorysetup-temp-allocator-size-cloud-worker=32768"
    "memorysetup-temp-allocator-size-gi-baking-worker=262144"
    "memorysetup-temp-allocator-size-gfx=262144"
Refreshing native plugins compatible for Editor in 88.30 ms, found 3 plugins.
Preloading 0 native plugins for Editor in 0.00 ms.
Initialize engine version: 2021.3.13f1 (9e7d58001ecf)
[Subsystems] Discovering subsystems at path C:/Program Files/Unity/Hub/Editor/2021.3.13f1/Editor/Data/Resources/UnitySubsystems
[Subsystems] Discovering subsystems at path E:/git/cuadrado/Cuadrado/Cuadrado/Assets
GfxDevice: creating device client; threaded=0; jobified=0
Direct3D:
    Version:  Direct3D 11.0 [level 11.1]
    Renderer: NVIDIA GeForce GTX 1050 Ti (ID=0x1c82)
    Vendor:   NVIDIA
    VRAM:     4017 MB
    Driver:   31.0.15.2737
Initialize mono
Mono path[0] = 'C:/Program Files/Unity/Hub/Editor/2021.3.13f1/Editor/Data/Managed'
Mono path[1] = 'C:/Program Files/Unity/Hub/Editor/2021.3.13f1/Editor/Data/MonoBleedingEdge/lib/mono/unityjit-win32'
Mono config path = 'C:/Program Files/Unity/Hub/Editor/2021.3.13f1/Editor/Data/MonoBleedingEdge/etc'
Using monoOptions --debugger-agent=transport=dt_socket,embedding=1,server=y,suspend=n,address=127.0.0.1:56204
Begin MonoManager ReloadAssembly
Registering precompiled unity dll's ...
Register platform support module: C:/Program Files/Unity/Hub/Editor/2021.3.13f1/Editor/Data/PlaybackEngines/AndroidPlayer/UnityEditor.Android.Extensions.dll
Register platform support module: C:/Program Files/Unity/Hub/Editor/2021.3.13f1/Editor/Data/PlaybackEngines/iOSSupport/UnityEditor.iOS.Extensions.dll
Register platform support module: C:/Program Files/Unity/Hub/Editor/2021.3.13f1/Editor/Data/PlaybackEngines/WindowsStandaloneSupport/UnityEditor.WindowsStandalone.Extensions.dll
Registered in 0.050889 seconds.
Native extension for WindowsStandalone target not found
[usbmuxd] Start listen thread
[usbmuxd] Listen thread started
Native extension for iOS target not found
Native extension for Android target not found
Refreshing native plugins compatible for Editor in 83.37 ms, found 3 plugins.
Preloading 0 native plugins for Editor in 0.00 ms.
Mono: successfully reloaded assembly
- Completed reload, in  1.081 seconds
Domain Reload Profiling:
	ReloadAssembly (1082ms)
		BeginReloadAssembly (175ms)
			ExecutionOrderSort (0ms)
			DisableScriptedObjects (0ms)
			BackupInstance (0ms)
			ReleaseScriptingObjects (0ms)
			CreateAndSetChildDomain (1ms)
		EndReloadAssembly (667ms)
			LoadAssemblies (162ms)
			RebuildTransferFunctionScriptingTraits (0ms)
			SetupTypeCache (146ms)
			ReleaseScriptCaches (0ms)
			RebuildScriptCaches (35ms)
			SetupLoadedEditorAssemblies (398ms)
				LogAssemblyErrors (0ms)
				InitializePlatformSupportModulesInManaged (99ms)
				SetLoadedEditorAssemblies (1ms)
				RefreshPlugins (83ms)
				BeforeProcessingInitializeOnLoad (1ms)
				ProcessInitializeOnLoadAttributes (144ms)
				ProcessInitializeOnLoadMethodAttributes (70ms)
				AfterProcessingInitializeOnLoad (0ms)
				EditorAssembliesLoaded (0ms)
			ExecutionOrderSort2 (0ms)
			AwakeInstancesAfterBackupRestoration (0ms)
Platform modules already initialized, skipping
Registering precompiled user dll's ...
Registered in 0.014224 seconds.
Begin MonoManager ReloadAssembly
Symbol file LoadedFromMemory doesn't match image E:\git\cuadrado\Cuadrado\Cuadrado\Library\PackageCache\com.unity.visualscripting@1.7.8\Editor\VisualScripting.Core\Dependencies\YamlDotNet\Unity.VisualScripting.YamlDotNet.dll
Symbol file LoadedFromMemory doesn't match image E:\git\cuadrado\Cuadrado\Cuadrado\Library\PackageCache\com.unity.visualscripting@1.7.8\Editor\VisualScripting.Core\Dependencies\DotNetZip\Unity.VisualScripting.IonicZip.dll
Native extension for WindowsStandalone target not found
Native extension for iOS target not found
Native extension for Android target not found
Refreshing native plugins compatible for Editor in 0.55 ms, found 3 plugins.
Preloading 0 native plugins for Editor in 0.00 ms.
Mono: successfully reloaded assembly
- Completed reload, in  1.555 seconds
Domain Reload Profiling:
	ReloadAssembly (1556ms)
		BeginReloadAssembly (212ms)
			ExecutionOrderSort (0ms)
			DisableScriptedObjects (8ms)
			BackupInstance (0ms)
			ReleaseScriptingObjects (0ms)
			CreateAndSetChildDomain (21ms)
		EndReloadAssembly (1141ms)
			LoadAssemblies (188ms)
			RebuildTransferFunctionScriptingTraits (0ms)
			SetupTypeCache (302ms)
			ReleaseScriptCaches (1ms)
			RebuildScriptCaches (61ms)
			SetupLoadedEditorAssemblies (574ms)
				LogAssemblyErrors (0ms)
				InitializePlatformSupportModulesInManaged (62ms)
				SetLoadedEditorAssemblies (1ms)
				RefreshPlugins (1ms)
				BeforeProcessingInitializeOnLoad (138ms)
				ProcessInitializeOnLoadAttributes (286ms)
				ProcessInitializeOnLoadMethodAttributes (40ms)
				AfterProcessingInitializeOnLoad (46ms)
				EditorAssembliesLoaded (0ms)
			ExecutionOrderSort2 (0ms)
			AwakeInstancesAfterBackupRestoration (7ms)
Platform modules already initialized, skipping
========================================================================
Worker process is ready to serve import requests
Launched and connected shader compiler UnityShaderCompiler.exe after 0.08 seconds
Refreshing native plugins compatible for Editor in 0.60 ms, found 3 plugins.
Preloading 0 native plugins for Editor in 0.00 ms.
Unloading 3244 Unused Serialized files (Serialized files now loaded: 0)
Unloading 24 unused Assets / (56.1 KB). Loaded Objects now: 3707.
Memory consumption went from 113.3 MB to 113.3 MB.
Total: 3.537900 ms (FindLiveObjects: 0.273900 ms CreateObjectMapping: 0.092200 ms MarkObjects: 2.835500 ms  DeleteObjects: 0.335600 ms)

AssetImportParameters requested are different than current active one (requested -> active):
  custom:video-decoder-ogg-theora: a1e56fd34408186e4bbccfd4996cb3dc -> 
  custom:container-muxer-webm: aa71ff27fc2769a1b78a27578f13a17b -> 
  custom:container-demuxer-webm: 4f35f7cbe854078d1ac9338744f61a02 -> 
  custom:video-encoder-webm-vp8: eb34c28f22e8b96e1ab97ce403110664 -> 
  custom:audio-encoder-webm-vorbis: bf7c407c2cedff20999df2af8eb42d56 -> 
  custom:framework-win-MediaFoundation: 216162199b28c13a410421893ffa2e32 -> 
  custom:container-demuxer-ogg: 62fdf1f143b41e24485cea50d1cbac27 -> 
  custom:video-decoder-webm-vp8: 9c59270c3fd7afecdb556c50c9e8de78 -> 
  custom:audio-decoder-ogg-vorbis: bf7c407c2cedff20999df2af8eb42d56 -> 
========================================================================
Received Import Request.
  Time since last request: 984400.211849 seconds.
  path: Assets/Assets/Boutons
  artifactKey: Guid(f10411067e0058f41a8ba11c695fd247) Importer(815301076,1909f56bfc062723c751e8b465ee728b)
Start importing Assets/Assets/Boutons using Guid(f10411067e0058f41a8ba11c695fd247) Importer(815301076,1909f56bfc062723c751e8b465ee728b)  -> (artifact id: '7824072cced6f28ff0b4912c4df4632e') in 0.013380 seconds 
========================================================================
Received Import Request.
  Time since last request: 0.000021 seconds.
  path: Assets/Assets/Boutons/rejouer boutons aleatoire.png
  artifactKey: Guid(65e0236a451f5304281408fdcb7348a2) Importer(815301076,1909f56bfc062723c751e8b465ee728b)
Start importing Assets/Assets/Boutons/rejouer boutons aleatoire.png using Guid(65e0236a451f5304281408fdcb7348a2) Importer(815301076,1909f56bfc062723c751e8b465ee728b)  -> (artifact id: '65605055d5b92c331cce93b0b5f989e8') in 0.196887 seconds 
========================================================================
Received Import Request.
  Time since last request: 0.000019 seconds.
  path: Assets/Assets/Boutons/Start.png
  artifactKey: Guid(604f811fef6af874dbb0394ff17cdd19) Importer(815301076,1909f56bfc062723c751e8b465ee728b)
Start importing Assets/Assets/Boutons/Start.png using Guid(604f811fef6af874dbb0394ff17cdd19) Importer(815301076,1909f56bfc062723c751e8b465ee728b)  -> (artifact id: '53441c8d250fb619b7ad0190a13c59ea') in 0.240249 seconds 
========================================================================
Received Import Request.
  Time since last request: 0.000025 seconds.
  path: Assets/Assets/Boutons/MDR.png
  artifactKey: Guid(ddea066c47414b04e8f4afe416ab8318) Importer(815301076,1909f56bfc062723c751e8b465ee728b)
Start importing Assets/Assets/Boutons/MDR.png using Guid(ddea066c47414b04e8f4afe416ab8318) Importer(815301076,1909f56bfc062723c751e8b465ee728b)  -> (artifact id: 'a3258c1313e078627ba3bb09473d5d1e') in 0.186101 seconds 
========================================================================
Received Import Request.
  Time since last request: 0.000024 seconds.
  path: Assets/Assets/Boutons/Seed Aléatoire.png
  artifactKey: Guid(46aa9c44ba65f444baf2dce908b1556a) Importer(815301076,1909f56bfc062723c751e8b465ee728b)
Start importing Assets/Assets/Boutons/Seed Aléatoire.png using Guid(46aa9c44ba65f444baf2dce908b1556a) Importer(815301076,1909f56bfc062723c751e8b465ee728b)  -> (artifact id: 'af2bd3b91af3efd90219977a49a9cd8a') in 0.115439 seconds 
========================================================================
Received Import Request.
  Time since last request: 0.000029 seconds.
  path: Assets/Assets/Prefabs/Cellule.prefab
  artifactKey: Guid(27387566aee14be4783487d38c94643a) Importer(815301076,1909f56bfc062723c751e8b465ee728b)
Start importing Assets/Assets/Prefabs/Cellule.prefab using Guid(27387566aee14be4783487d38c94643a) Importer(815301076,1909f56bfc062723c751e8b465ee728b)  -> (artifact id: '5d80a49515ed7ebfb860658ae87bb315') in 0.100726 seconds 
========================================================================
Received Import Request.
  Time since last request: 0.000021 seconds.
  path: Assets/Assets/Boutons/rejouer boutons.png
  artifactKey: Guid(7db540c51e8dc6e44b91b33c829768df) Importer(815301076,1909f56bfc062723c751e8b465ee728b)
Start importing Assets/Assets/Boutons/rejouer boutons.png using Guid(7db540c51e8dc6e44b91b33c829768df) Importer(815301076,1909f56bfc062723c751e8b465ee728b)  -> (artifact id: '317703071569c13ae1693bbb24b7f98c') in 0.057348 seconds 
========================================================================
Received Import Request.
  Time since last request: 0.000018 seconds.
  path: Assets/Assets/Boutons/Maison.png
  artifactKey: Guid(87d79f8dae2c3cd4dbcf851e3f30ebe3) Importer(815301076,1909f56bfc062723c751e8b465ee728b)
Start importing Assets/Assets/Boutons/Maison.png using Guid(87d79f8dae2c3cd4dbcf851e3f30ebe3) Importer(815301076,1909f56bfc062723c751e8b465ee728b)  -> (artifact id: '6a8bd881ea10e34f5ccb1be0fef0f319') in 0.056721 seconds 
========================================================================
Received Import Request.
  Time since last request: 0.000060 seconds.
  path: Assets/Assets/Boutons/Maison Blanche.png
  artifactKey: Guid(dc08c4a5f0c64a644853540561a45639) Importer(815301076,1909f56bfc062723c751e8b465ee728b)
Start importing Assets/Assets/Boutons/Maison Blanche.png using Guid(dc08c4a5f0c64a644853540561a45639) Importer(815301076,1909f56bfc062723c751e8b465ee728b)  -> (artifact id: 'a7702d0b343a0f62fb5dd053743a24f7') in 0.044711 seconds 
========================================================================
Received Import Request.
  Time since last request: 0.000027 seconds.
  path: Assets/Assets/Boutons/Rejouer.png
  artifactKey: Guid(55510d286fec8f04da297c8c07101389) Importer(815301076,1909f56bfc062723c751e8b465ee728b)
Start importing Assets/Assets/Boutons/Rejouer.png using Guid(55510d286fec8f04da297c8c07101389) Importer(815301076,1909f56bfc062723c751e8b465ee728b)  -> (artifact id: '30b86a768a10629ad6c67085da23872b') in 0.069028 seconds 
========================================================================
Received Import Request.
  Time since last request: 160.794910 seconds.
  path: Assets/Assets/images
  artifactKey: Guid(f6a0250e6008ecb4fafeea59d6bdb66c) Importer(815301076,1909f56bfc062723c751e8b465ee728b)
Start importing Assets/Assets/images using Guid(f6a0250e6008ecb4fafeea59d6bdb66c) Importer(815301076,1909f56bfc062723c751e8b465ee728b)  -> (artifact id: '53ac193991ed25f15705ad0e092c48f5') in 0.130944 seconds 
========================================================================
Received Import Request.
  Time since last request: 6.146527 seconds.
  path: Assets/Assets/images/Cuadrado.png
  artifactKey: Guid(9c4422161037366409dba47528aaee21) Importer(815301076,1909f56bfc062723c751e8b465ee728b)
Start importing Assets/Assets/images/Cuadrado.png using Guid(9c4422161037366409dba47528aaee21) Importer(815301076,1909f56bfc062723c751e8b465ee728b)  -> (artifact id: 'b776b4308cad0edad532dd1aa58e1dc4') in 0.254133 seconds 
========================================================================
Received Import Request.
  Time since last request: 0.000033 seconds.
  path: Assets/Assets/images/presentation capture 2.png
  artifactKey: Guid(ae3d915485c82c3438fa5fa9f4f85823) Importer(815301076,1909f56bfc062723c751e8b465ee728b)
Start importing Assets/Assets/images/presentation capture 2.png using Guid(ae3d915485c82c3438fa5fa9f4f85823) Importer(815301076,1909f56bfc062723c751e8b465ee728b)  -> (artifact id: '7b2869ccdf62e38361c17b5750391407') in 0.033057 seconds 
========================================================================
Received Import Request.
  Time since last request: 0.000033 seconds.
  path: Assets/Assets/images/presentation capture 4.png
  artifactKey: Guid(9233afc963ee74442a78bc165bb9d5e1) Importer(815301076,1909f56bfc062723c751e8b465ee728b)
Start importing Assets/Assets/images/presentation capture 4.png using Guid(9233afc963ee74442a78bc165bb9d5e1) Importer(815301076,1909f56bfc062723c751e8b465ee728b)  -> (artifact id: '3f7fcc27cb82ecec3faeb9a32bc0eb8a') in 0.032039 seconds 
========================================================================
Received Import Request.
  Time since last request: 0.001217 seconds.
  path: Assets/Assets/images/LZPicone.png
  artifactKey: Guid(67505b10cc2a6004a99f25e5e7d41c1e) Importer(815301076,1909f56bfc062723c751e8b465ee728b)
Start importing Assets/Assets/images/LZPicone.png using Guid(67505b10cc2a6004a99f25e5e7d41c1e) Importer(815301076,1909f56bfc062723c751e8b465ee728b)  -> (artifact id: '3f557d61815c3243367dbe6f941b94ee') in 0.024668 seconds 
========================================================================
Received Import Request.
  Time since last request: 0.000026 seconds.
  path: Assets/Assets/images/DM0WIcone.png
  artifactKey: Guid(7c2f32e3ba639b645bb9d4abd69ff382) Importer(815301076,1909f56bfc062723c751e8b465ee728b)
Start importing Assets/Assets/images/DM0WIcone.png using Guid(7c2f32e3ba639b645bb9d4abd69ff382) Importer(815301076,1909f56bfc062723c751e8b465ee728b)  -> (artifact id: 'ccc19e4da7e8985c4d4a0b5744549c87') in 0.021820 seconds 
========================================================================
Received Import Request.
  Time since last request: 0.000027 seconds.
  path: Assets/Assets/images/presentation capture 1.png
  artifactKey: Guid(8fe570227c3445649a339e7ddef5d0d6) Importer(815301076,1909f56bfc062723c751e8b465ee728b)
Start importing Assets/Assets/images/presentation capture 1.png using Guid(8fe570227c3445649a339e7ddef5d0d6) Importer(815301076,1909f56bfc062723c751e8b465ee728b)  -> (artifact id: 'b3c98dd5cb41657afdec029993f26fbe') in 0.022381 seconds 
========================================================================
Received Import Request.
  Time since last request: 0.000033 seconds.
  path: Assets/Assets/images/presentation capture 3.png
  artifactKey: Guid(15e48d6b7efa12a49bba53b233897466) Importer(815301076,1909f56bfc062723c751e8b465ee728b)
Start importing Assets/Assets/images/presentation capture 3.png using Guid(15e48d6b7efa12a49bba53b233897466) Importer(815301076,1909f56bfc062723c751e8b465ee728b)  -> (artifact id: 'fb9cda17574b7bfd58047047e3004719') in 0.015771 seconds 
========================================================================
Received Import Request.
  Time since last request: 0.000031 seconds.
  path: Assets/Assets/images/logo LZP.png
  artifactKey: Guid(82dab1d3cb0686647a5b4096ec01e702) Importer(815301076,1909f56bfc062723c751e8b465ee728b)
Start importing Assets/Assets/images/logo LZP.png using Guid(82dab1d3cb0686647a5b4096ec01e702) Importer(815301076,1909f56bfc062723c751e8b465ee728b)  -> (artifact id: '28f9a3120e846f3049703907db34be3f') in 0.019889 seconds 
========================================================================
Received Import Request.
  Time since last request: 0.000033 seconds.
  path: Assets/Assets/images/LZP.png
  artifactKey: Guid(92f86da96777b88489c01c9c36ea4b16) Importer(815301076,1909f56bfc062723c751e8b465ee728b)
Start importing Assets/Assets/images/LZP.png using Guid(92f86da96777b88489c01c9c36ea4b16) Importer(815301076,1909f56bfc062723c751e8b465ee728b)  -> (artifact id: '0618961e0fc6dbbcbcff2afa382dc4c9') in 0.029736 seconds 
========================================================================
Received Import Request.
  Time since last request: 0.000030 seconds.
  path: Assets/Assets/images/icone cuadrado low res.png
  artifactKey: Guid(f658537d2f4bca342bc7a0746996f5c1) Importer(815301076,1909f56bfc062723c751e8b465ee728b)
Start importing Assets/Assets/images/icone cuadrado low res.png using Guid(f658537d2f4bca342bc7a0746996f5c1) Importer(815301076,1909f56bfc062723c751e8b465ee728b)  -> (artifact id: '35b63d90a6d5c08368b01cd0d38fdd1a') in 0.022655 seconds 
========================================================================
Received Import Request.
  Time since last request: 0.000021 seconds.
  path: Assets/Assets/images/DM0W.png
  artifactKey: Guid(07f022e79fa188a4aa2dad1003d08f06) Importer(815301076,1909f56bfc062723c751e8b465ee728b)
Start importing Assets/Assets/images/DM0W.png using Guid(07f022e79fa188a4aa2dad1003d08f06) Importer(815301076,1909f56bfc062723c751e8b465ee728b)  -> (artifact id: '2fa99433d61e7306b87d0b96ffee843f') in 0.017551 seconds 
========================================================================
Received Import Request.
  Time since last request: 0.000028 seconds.
  path: Assets/Assets/images/icone cuadrado.png
  artifactKey: Guid(d66f847318ac1424ea79e001bef57a6e) Importer(815301076,1909f56bfc062723c751e8b465ee728b)
Start importing Assets/Assets/images/icone cuadrado.png using Guid(d66f847318ac1424ea79e001bef57a6e) Importer(815301076,1909f56bfc062723c751e8b465ee728b)  -> (artifact id: '292700df0a1ee7c74d1a521201f283d2') in 0.017321 seconds 
========================================================================
Received Import Request.
  Time since last request: 50.956455 seconds.
  path: Assets/Assets/images/Cuadrado.png
  artifactKey: Guid(9c4422161037366409dba47528aaee21) Importer(815301076,1909f56bfc062723c751e8b465ee728b)
Start importing Assets/Assets/images/Cuadrado.png using Guid(9c4422161037366409dba47528aaee21) Importer(815301076,1909f56bfc062723c751e8b465ee728b)  -> (artifact id: 'd4692c8568b19a24747e7e4f98ba50fe') in 0.047025 seconds 
========================================================================
Received Import Request.
  Time since last request: 0.000030 seconds.
  path: Assets/Assets/images/presentation capture 2.png
  artifactKey: Guid(ae3d915485c82c3438fa5fa9f4f85823) Importer(815301076,1909f56bfc062723c751e8b465ee728b)
Start importing Assets/Assets/images/presentation capture 2.png using Guid(ae3d915485c82c3438fa5fa9f4f85823) Importer(815301076,1909f56bfc062723c751e8b465ee728b)  -> (artifact id: '1ac9dd478f497ed1df4c542ba9d186c1') in 0.046666 seconds 
========================================================================
Received Import Request.
  Time since last request: 0.000021 seconds.
  path: Assets/Assets/images/presentation capture 4.png
  artifactKey: Guid(9233afc963ee74442a78bc165bb9d5e1) Importer(815301076,1909f56bfc062723c751e8b465ee728b)
Start importing Assets/Assets/images/presentation capture 4.png using Guid(9233afc963ee74442a78bc165bb9d5e1) Importer(815301076,1909f56bfc062723c751e8b465ee728b)  -> (artifact id: '28a692c2c2a58ee1ca0c76b1519e48aa') in 0.027419 seconds 
========================================================================
Received Import Request.
  Time since last request: 0.000018 seconds.
  path: Assets/Assets/images/LZPicone.png
  artifactKey: Guid(67505b10cc2a6004a99f25e5e7d41c1e) Importer(815301076,1909f56bfc062723c751e8b465ee728b)
Start importing Assets/Assets/images/LZPicone.png using Guid(67505b10cc2a6004a99f25e5e7d41c1e) Importer(815301076,1909f56bfc062723c751e8b465ee728b)  -> (artifact id: '226535abd4c486ad8a5706ed56e4e0ba') in 0.015348 seconds 
========================================================================
Received Import Request.
  Time since last request: 0.000024 seconds.
  path: Assets/Assets/images/DM0WIcone.png
  artifactKey: Guid(7c2f32e3ba639b645bb9d4abd69ff382) Importer(815301076,1909f56bfc062723c751e8b465ee728b)
Start importing Assets/Assets/images/DM0WIcone.png using Guid(7c2f32e3ba639b645bb9d4abd69ff382) Importer(815301076,1909f56bfc062723c751e8b465ee728b)  -> (artifact id: 'bd1c6244818259dd0f63d140e1fedcb7') in 0.020823 seconds 
========================================================================
Received Import Request.
  Time since last request: 0.000025 seconds.
  path: Assets/Assets/images/presentation capture 1.png
  artifactKey: Guid(8fe570227c3445649a339e7ddef5d0d6) Importer(815301076,1909f56bfc062723c751e8b465ee728b)
Start importing Assets/Assets/images/presentation capture 1.png using Guid(8fe570227c3445649a339e7ddef5d0d6) Importer(815301076,1909f56bfc062723c751e8b465ee728b)  -> (artifact id: '8d5c7bfb84e47a5b15a840e699cf1d30') in 0.036975 seconds 
========================================================================
Received Import Request.
  Time since last request: 0.000020 seconds.
  path: Assets/Assets/images/presentation capture 3.png
  artifactKey: Guid(15e48d6b7efa12a49bba53b233897466) Importer(815301076,1909f56bfc062723c751e8b465ee728b)
Start importing Assets/Assets/images/presentation capture 3.png using Guid(15e48d6b7efa12a49bba53b233897466) Importer(815301076,1909f56bfc062723c751e8b465ee728b)  -> (artifact id: 'a727e4b3f8445b682eb2675d88909ccb') in 0.024671 seconds 
========================================================================
Received Import Request.
  Time since last request: 0.000024 seconds.
  path: Assets/Assets/images/logo LZP.png
  artifactKey: Guid(82dab1d3cb0686647a5b4096ec01e702) Importer(815301076,1909f56bfc062723c751e8b465ee728b)
Start importing Assets/Assets/images/logo LZP.png using Guid(82dab1d3cb0686647a5b4096ec01e702) Importer(815301076,1909f56bfc062723c751e8b465ee728b)  -> (artifact id: '1657adf4453b183c738d51aa8d3ac283') in 0.036717 seconds 
========================================================================
Received Import Request.
  Time since last request: 0.000020 seconds.
  path: Assets/Assets/images/LZP.png
  artifactKey: Guid(92f86da96777b88489c01c9c36ea4b16) Importer(815301076,1909f56bfc062723c751e8b465ee728b)
Start importing Assets/Assets/images/LZP.png using Guid(92f86da96777b88489c01c9c36ea4b16) Importer(815301076,1909f56bfc062723c751e8b465ee728b)  -> (artifact id: '0f8ffe1c681e3458ac7e665b22187cf0') in 0.016430 seconds 
========================================================================
Received Import Request.
  Time since last request: 0.000022 seconds.
  path: Assets/Assets/images/icone cuadrado low res.png
  artifactKey: Guid(f658537d2f4bca342bc7a0746996f5c1) Importer(815301076,1909f56bfc062723c751e8b465ee728b)
Start importing Assets/Assets/images/icone cuadrado low res.png using Guid(f658537d2f4bca342bc7a0746996f5c1) Importer(815301076,1909f56bfc062723c751e8b465ee728b)  -> (artifact id: '572a9adeec2ed54e840557ac01fefa22') in 0.010671 seconds 
========================================================================
Received Import Request.
  Time since last request: 0.000033 seconds.
  path: Assets/Assets/images/DM0W.png
  artifactKey: Guid(07f022e79fa188a4aa2dad1003d08f06) Importer(815301076,1909f56bfc062723c751e8b465ee728b)
Start importing Assets/Assets/images/DM0W.png using Guid(07f022e79fa188a4aa2dad1003d08f06) Importer(815301076,1909f56bfc062723c751e8b465ee728b)  -> (artifact id: '2d9a5e0dc1a16857391eca653943b054') in 0.018950 seconds 
========================================================================
Received Import Request.
  Time since last request: 0.000018 seconds.
  path: Assets/Assets/images/icone cuadrado.png
  artifactKey: Guid(d66f847318ac1424ea79e001bef57a6e) Importer(815301076,1909f56bfc062723c751e8b465ee728b)
Start importing Assets/Assets/images/icone cuadrado.png using Guid(d66f847318ac1424ea79e001bef57a6e) Importer(815301076,1909f56bfc062723c751e8b465ee728b)  -> (artifact id: '751341090154d31a147bff0e7cf2927a') in 0.010472 seconds 
========================================================================
Received Import Request.
  Time since last request: 4.984472 seconds.
  path: Packages/com.unity.collab-proxy/Editor/PlasticSCM/Assets/Images/buttonssosigninemail.png
  artifactKey: Guid(d24e7e0b75e1a244bb9687d6fd4315ef) Importer(815301076,1909f56bfc062723c751e8b465ee728b)
Start importing Packages/com.unity.collab-proxy/Editor/PlasticSCM/Assets/Images/buttonssosigninemail.png using Guid(d24e7e0b75e1a244bb9687d6fd4315ef) Importer(815301076,1909f56bfc062723c751e8b465ee728b)  -> (artifact id: '1e97b433e61082ac8a9e41a584914042') in 0.155070 seconds 
========================================================================
Received Import Request.
  Time since last request: 0.000023 seconds.
  path: Packages/com.unity.collab-proxy/Editor/PlasticSCM/Assets/Images/d_buttonssosigninemail.png
  artifactKey: Guid(3086d66a563317b40a20a20da2c64ac0) Importer(815301076,1909f56bfc062723c751e8b465ee728b)
Start importing Packages/com.unity.collab-proxy/Editor/PlasticSCM/Assets/Images/d_buttonssosigninemail.png using Guid(3086d66a563317b40a20a20da2c64ac0) Importer(815301076,1909f56bfc062723c751e8b465ee728b)  -> (artifact id: '0e425c664c34c4b635caef6e40baf5b8') in 0.066518 seconds 
========================================================================
Received Import Request.
  Time since last request: 0.000029 seconds.
  path: Packages/com.unity.collab-proxy/Editor/PlasticSCM/Assets/Images/d_buttonssosigninemail@2x.png
  artifactKey: Guid(144aa74618b85974a9a50f612c2fa8fd) Importer(815301076,1909f56bfc062723c751e8b465ee728b)
Start importing Packages/com.unity.collab-proxy/Editor/PlasticSCM/Assets/Images/d_buttonssosigninemail@2x.png using Guid(144aa74618b85974a9a50f612c2fa8fd) Importer(815301076,1909f56bfc062723c751e8b465ee728b)  -> (artifact id: '28723f893f68432ff4bc4f46150fa63f') in 0.055156 seconds 
========================================================================
Received Import Request.
  Time since last request: 0.000020 seconds.
  path: Packages/com.unity.collab-proxy/Editor/PlasticSCM/Assets/Images/d_colorbuhoshe.png
  artifactKey: Guid(a04ecc9d5e12d5d449077414eb86635e) Importer(815301076,1909f56bfc062723c751e8b465ee728b)
Start importing Packages/com.unity.collab-proxy/Editor/PlasticSCM/Assets/Images/d_colorbuhoshe.png using Guid(a04ecc9d5e12d5d449077414eb86635e) Importer(815301076,1909f56bfc062723c751e8b465ee728b)  -> (artifact id: '7517d7d65f690c1cf15f4f3e23c22e27') in 0.065282 seconds 
========================================================================
Received Import Request.
  Time since last request: 0.000021 seconds.
  path: Packages/com.unity.collab-proxy/Editor/PlasticSCM/Assets/Images/d_colorbuhoshechristmas.png
  artifactKey: Guid(ec03f79379868c642b48ae5ddc821b6d) Importer(815301076,1909f56bfc062723c751e8b465ee728b)
Start importing Packages/com.unity.collab-proxy/Editor/PlasticSCM/Assets/Images/d_colorbuhoshechristmas.png using Guid(ec03f79379868c642b48ae5ddc821b6d) Importer(815301076,1909f56bfc062723c751e8b465ee728b)  -> (artifact id: 'ed5830c4124f3fe56c91dd6ab187740d') in 0.149693 seconds 
========================================================================
Received Import Request.
  Time since last request: 0.000021 seconds.
  path: Packages/com.unity.collab-proxy/Editor/PlasticSCM/Assets/Images/d_cloudbuhoshechristmas.png
  artifactKey: Guid(9c0d6ec706e01ce448aea81584af092b) Importer(815301076,1909f56bfc062723c751e8b465ee728b)
Start importing Packages/com.unity.collab-proxy/Editor/PlasticSCM/Assets/Images/d_cloudbuhoshechristmas.png using Guid(9c0d6ec706e01ce448aea81584af092b) Importer(815301076,1909f56bfc062723c751e8b465ee728b)  -> (artifact id: '46677e85580445cd275c898c2fc31d08') in 0.060723 seconds 
========================================================================
Received Import Request.
  Time since last request: 0.000036 seconds.
  path: Packages/com.unity.collab-proxy/Editor/PlasticSCM/Assets/Images/buttonssosigninunity.png
  artifactKey: Guid(f9161c6c9e06dc445ada3ee16d991f90) Importer(815301076,1909f56bfc062723c751e8b465ee728b)
Start importing Packages/com.unity.collab-proxy/Editor/PlasticSCM/Assets/Images/buttonssosigninunity.png using Guid(f9161c6c9e06dc445ada3ee16d991f90) Importer(815301076,1909f56bfc062723c751e8b465ee728b)  -> (artifact id: '68fc83100add93777c27ca10a129115c') in 0.050801 seconds 
========================================================================
Received Import Request.
  Time since last request: 0.000022 seconds.
  path: Packages/com.unity.collab-proxy/Editor/PlasticSCM/Assets/Images/d_colorbuhochristmas.png
  artifactKey: Guid(fd098fb4cf57bad419701c802e442b7e) Importer(815301076,1909f56bfc062723c751e8b465ee728b)
Start importing Packages/com.unity.collab-proxy/Editor/PlasticSCM/Assets/Images/d_colorbuhochristmas.png using Guid(fd098fb4cf57bad419701c802e442b7e) Importer(815301076,1909f56bfc062723c751e8b465ee728b)  -> (artifact id: 'a0241be5bf430271ff1b07ce233fbdfb') in 0.344568 seconds 
========================================================================
Received Import Request.
  Time since last request: 0.000022 seconds.
  path: Packages/com.unity.collab-proxy/Editor/PlasticSCM/Assets/Images/d_colorbuho.png
  artifactKey: Guid(3a0c527d7f890d64a9b56b086e6e766a) Importer(815301076,1909f56bfc062723c751e8b465ee728b)
Start importing Packages/com.unity.collab-proxy/Editor/PlasticSCM/Assets/Images/d_colorbuho.png using Guid(3a0c527d7f890d64a9b56b086e6e766a) Importer(815301076,1909f56bfc062723c751e8b465ee728b)  -> (artifact id: '880e2c1ede681e16a6eaf133c24406e6') in 0.050357 seconds 
========================================================================
Received Import Request.
  Time since last request: 0.000030 seconds.
  path: Packages/com.unity.collab-proxy/Editor/PlasticSCM/Assets/Images/d_cloudbuho.png
  artifactKey: Guid(e5600378dd761e64d9423790c482bf36) Importer(815301076,1909f56bfc062723c751e8b465ee728b)
Start importing Packages/com.unity.collab-proxy/Editor/PlasticSCM/Assets/Images/d_cloudbuho.png using Guid(e5600378dd761e64d9423790c482bf36) Importer(815301076,1909f56bfc062723c751e8b465ee728b)  -> (artifact id: 'd01fb5073eb8591af862b453dbf84b0f') in 0.062552 seconds 
========================================================================
Received Import Request.
  Time since last request: 0.000022 seconds.
  path: Packages/com.unity.collab-proxy/Editor/PlasticSCM/Assets/Images/buttonssosigninemail@2x.png
  artifactKey: Guid(ddf2e76e8a1f88f46ae1e42277850b48) Importer(815301076,1909f56bfc062723c751e8b465ee728b)
Start importing Packages/com.unity.collab-proxy/Editor/PlasticSCM/Assets/Images/buttonssosigninemail@2x.png using Guid(ddf2e76e8a1f88f46ae1e42277850b48) Importer(815301076,1909f56bfc062723c751e8b465ee728b)  -> (artifact id: '43f32bbae5f6e7b2fe34c6e6a000925c') in 0.045099 seconds 
========================================================================
Received Import Request.
  Time since last request: 0.000018 seconds.
  path: Packages/com.unity.collab-proxy/Editor/PlasticSCM/Assets/Images/d_cloudbuhochristmas.png
  artifactKey: Guid(70632ddfe8e71b04b8f90ef7e29a9e98) Importer(815301076,1909f56bfc062723c751e8b465ee728b)
Start importing Packages/com.unity.collab-proxy/Editor/PlasticSCM/Assets/Images/d_cloudbuhochristmas.png using Guid(70632ddfe8e71b04b8f90ef7e29a9e98) Importer(815301076,1909f56bfc062723c751e8b465ee728b)  -> (artifact id: '6350c38f326852d430551a138c377443') in 0.063196 seconds 
========================================================================
Received Import Request.
  Time since last request: 0.000019 seconds.
  path: Packages/com.unity.collab-proxy/Editor/PlasticSCM/Assets/Images/buttonssosigningoogle.png
  artifactKey: Guid(f09eae8c0ea04254b90c5386a034a225) Importer(815301076,1909f56bfc062723c751e8b465ee728b)
Start importing Packages/com.unity.collab-proxy/Editor/PlasticSCM/Assets/Images/buttonssosigningoogle.png using Guid(f09eae8c0ea04254b90c5386a034a225) Importer(815301076,1909f56bfc062723c751e8b465ee728b)  -> (artifact id: '8d2cdb5b860d5c4efa3eb7c005f4ac37') in 0.040826 seconds 
========================================================================
Received Import Request.
  Time since last request: 0.000020 seconds.
  path: Packages/com.unity.collab-proxy/Editor/PlasticSCM/Assets/Images/d_cloudbuhoshe.png
  artifactKey: Guid(dae33700bd23f76409a80bf78fdb8a42) Importer(815301076,1909f56bfc062723c751e8b465ee728b)
Start importing Packages/com.unity.collab-proxy/Editor/PlasticSCM/Assets/Images/d_cloudbuhoshe.png using Guid(dae33700bd23f76409a80bf78fdb8a42) Importer(815301076,1909f56bfc062723c751e8b465ee728b)  -> (artifact id: 'ba10f3f1cfe54b81553f3c735b7ffcf0') in 0.047134 seconds 
========================================================================
Received Import Request.
  Time since last request: 3.558004 seconds.
  path: Assets/Assets/images/LZPicone.png
  artifactKey: Guid(67505b10cc2a6004a99f25e5e7d41c1e) Importer(815301076,1909f56bfc062723c751e8b465ee728b)
Start importing Assets/Assets/images/LZPicone.png using Guid(67505b10cc2a6004a99f25e5e7d41c1e) Importer(815301076,1909f56bfc062723c751e8b465ee728b)  -> (artifact id: '858a00c23c1c5b9ae08beaafbcb2464d') in 0.033638 seconds 
========================================================================
Received Prepare
Registering precompiled user dll's ...
Registered in 0.019499 seconds.
Begin MonoManager ReloadAssembly
Symbol file LoadedFromMemory doesn't match image E:\git\cuadrado\Cuadrado\Cuadrado\Library\PackageCache\com.unity.visualscripting@1.7.8\Editor\VisualScripting.Core\Dependencies\YamlDotNet\Unity.VisualScripting.YamlDotNet.dll
Symbol file LoadedFromMemory doesn't match image E:\git\cuadrado\Cuadrado\Cuadrado\Library\PackageCache\com.unity.visualscripting@1.7.8\Editor\VisualScripting.Core\Dependencies\DotNetZip\Unity.VisualScripting.IonicZip.dll
Native extension for WindowsStandalone target not found
Native extension for iOS target not found
Native extension for Android target not found
Refreshing native plugins compatible for Editor in 3.89 ms, found 3 plugins.
Preloading 0 native plugins for Editor in 0.00 ms.
Mono: successfully reloaded assembly
- Completed reload, in  5.459 seconds
Domain Reload Profiling:
	ReloadAssembly (5460ms)
		BeginReloadAssembly (250ms)
			ExecutionOrderSort (0ms)
			DisableScriptedObjects (7ms)
			BackupInstance (0ms)
			ReleaseScriptingObjects (0ms)
			CreateAndSetChildDomain (39ms)
		EndReloadAssembly (5018ms)
			LoadAssemblies (211ms)
			RebuildTransferFunctionScriptingTraits (0ms)
			SetupTypeCache (300ms)
			ReleaseScriptCaches (1ms)
			RebuildScriptCaches (47ms)
			SetupLoadedEditorAssemblies (4451ms)
				LogAssemblyErrors (0ms)
				InitializePlatformSupportModulesInManaged (155ms)
				SetLoadedEditorAssemblies (1ms)
				RefreshPlugins (5ms)
				BeforeProcessingInitializeOnLoad (3882ms)
				ProcessInitializeOnLoadAttributes (306ms)
				ProcessInitializeOnLoadMethodAttributes (54ms)
				AfterProcessingInitializeOnLoad (49ms)
				EditorAssembliesLoaded (0ms)
			ExecutionOrderSort2 (0ms)
			AwakeInstancesAfterBackupRestoration (9ms)
Platform modules already initialized, skipping
Refreshing native plugins compatible for Editor in 6.58 ms, found 3 plugins.
Preloading 0 native plugins for Editor in 0.00 ms.
Unloading 3225 Unused Serialized files (Serialized files now loaded: 0)
Unloading 17 unused Assets / (24.6 KB). Loaded Objects now: 3746.
Memory consumption went from 116.3 MB to 116.3 MB.
Total: 3.074400 ms (FindLiveObjects: 0.242800 ms CreateObjectMapping: 0.078700 ms MarkObjects: 2.732400 ms  DeleteObjects: 0.019700 ms)

AssetImportParameters requested are different than current active one (requested -> active):
  custom:video-decoder-ogg-theora: a1e56fd34408186e4bbccfd4996cb3dc -> 
  custom:container-muxer-webm: aa71ff27fc2769a1b78a27578f13a17b -> 
  custom:container-demuxer-webm: 4f35f7cbe854078d1ac9338744f61a02 -> 
  custom:video-encoder-webm-vp8: eb34c28f22e8b96e1ab97ce403110664 -> 
  custom:audio-encoder-webm-vorbis: bf7c407c2cedff20999df2af8eb42d56 -> 
  custom:framework-win-MediaFoundation: 216162199b28c13a410421893ffa2e32 -> 
  custom:container-demuxer-ogg: 62fdf1f143b41e24485cea50d1cbac27 -> 
  custom:video-decoder-webm-vp8: 9c59270c3fd7afecdb556c50c9e8de78 -> 
  custom:audio-decoder-ogg-vorbis: bf7c407c2cedff20999df2af8eb42d56 -> 
========================================================================
Received Prepare
Registering precompiled user dll's ...
Registered in 0.013115 seconds.
Begin MonoManager ReloadAssembly
Symbol file LoadedFromMemory doesn't match image E:\git\cuadrado\Cuadrado\Cuadrado\Library\PackageCache\com.unity.visualscripting@1.7.8\Editor\VisualScripting.Core\Dependencies\YamlDotNet\Unity.VisualScripting.YamlDotNet.dll
Symbol file LoadedFromMemory doesn't match image E:\git\cuadrado\Cuadrado\Cuadrado\Library\PackageCache\com.unity.visualscripting@1.7.8\Editor\VisualScripting.Core\Dependencies\DotNetZip\Unity.VisualScripting.IonicZip.dll
Native extension for WindowsStandalone target not found
Native extension for iOS target not found
Native extension for Android target not found
Refreshing native plugins compatible for Editor in 0.57 ms, found 3 plugins.
Preloading 0 native plugins for Editor in 0.00 ms.
Mono: successfully reloaded assembly
- Completed reload, in  1.543 seconds
Domain Reload Profiling:
	ReloadAssembly (1543ms)
		BeginReloadAssembly (251ms)
			ExecutionOrderSort (0ms)
			DisableScriptedObjects (8ms)
			BackupInstance (0ms)
			ReleaseScriptingObjects (0ms)
			CreateAndSetChildDomain (36ms)
		EndReloadAssembly (1106ms)
			LoadAssemblies (239ms)
			RebuildTransferFunctionScriptingTraits (0ms)
			SetupTypeCache (296ms)
			ReleaseScriptCaches (1ms)
			RebuildScriptCaches (46ms)
			SetupLoadedEditorAssemblies (518ms)
				LogAssemblyErrors (0ms)
				InitializePlatformSupportModulesInManaged (68ms)
				SetLoadedEditorAssemblies (1ms)
				RefreshPlugins (1ms)
				BeforeProcessingInitializeOnLoad (122ms)
				ProcessInitializeOnLoadAttributes (247ms)
				ProcessInitializeOnLoadMethodAttributes (40ms)
				AfterProcessingInitializeOnLoad (39ms)
				EditorAssembliesLoaded (0ms)
			ExecutionOrderSort2 (0ms)
			AwakeInstancesAfterBackupRestoration (7ms)
Platform modules already initialized, skipping
Refreshing native plugins compatible for Editor in 3.16 ms, found 3 plugins.
Preloading 0 native plugins for Editor in 0.00 ms.
Unloading 3225 Unused Serialized files (Serialized files now loaded: 0)
Unloading 17 unused Assets / (24.7 KB). Loaded Objects now: 3749.
Memory consumption went from 116.3 MB to 116.3 MB.
Total: 3.239200 ms (FindLiveObjects: 0.247000 ms CreateObjectMapping: 0.080600 ms MarkObjects: 2.888800 ms  DeleteObjects: 0.021900 ms)

AssetImportParameters requested are different than current active one (requested -> active):
  custom:video-decoder-ogg-theora: a1e56fd34408186e4bbccfd4996cb3dc -> 
  custom:container-muxer-webm: aa71ff27fc2769a1b78a27578f13a17b -> 
  custom:container-demuxer-webm: 4f35f7cbe854078d1ac9338744f61a02 -> 
  custom:video-encoder-webm-vp8: eb34c28f22e8b96e1ab97ce403110664 -> 
  custom:audio-encoder-webm-vorbis: bf7c407c2cedff20999df2af8eb42d56 -> 
  custom:framework-win-MediaFoundation: 216162199b28c13a410421893ffa2e32 -> 
  custom:container-demuxer-ogg: 62fdf1f143b41e24485cea50d1cbac27 -> 
  custom:video-decoder-webm-vp8: 9c59270c3fd7afecdb556c50c9e8de78 -> 
  custom:audio-decoder-ogg-vorbis: bf7c407c2cedff20999df2af8eb42d56 -> 
========================================================================
Received Import Request.
  Time since last request: 259.080520 seconds.
  path: Assets/Assets/images/DM0WIcone.png
  artifactKey: Guid(7c2f32e3ba639b645bb9d4abd69ff382) Importer(815301076,1909f56bfc062723c751e8b465ee728b)
Start importing Assets/Assets/images/DM0WIcone.png using Guid(7c2f32e3ba639b645bb9d4abd69ff382) Importer(815301076,1909f56bfc062723c751e8b465ee728b)  -> (artifact id: '1b512557f9836ed4d02b60c16aa0f0d9') in 0.159064 seconds 
========================================================================
Received Prepare
Registering precompiled user dll's ...
Registered in 0.013767 seconds.
Begin MonoManager ReloadAssembly
Symbol file LoadedFromMemory doesn't match image E:\git\cuadrado\Cuadrado\Cuadrado\Library\PackageCache\com.unity.visualscripting@1.7.8\Editor\VisualScripting.Core\Dependencies\YamlDotNet\Unity.VisualScripting.YamlDotNet.dll
Symbol file LoadedFromMemory doesn't match image E:\git\cuadrado\Cuadrado\Cuadrado\Library\PackageCache\com.unity.visualscripting@1.7.8\Editor\VisualScripting.Core\Dependencies\DotNetZip\Unity.VisualScripting.IonicZip.dll
Native extension for WindowsStandalone target not found
Native extension for iOS target not found
Native extension for Android target not found
Refreshing native plugins compatible for Editor in 0.76 ms, found 3 plugins.
Preloading 0 native plugins for Editor in 0.00 ms.
Mono: successfully reloaded assembly
- Completed reload, in  2.069 seconds
Domain Reload Profiling:
	ReloadAssembly (2070ms)
		BeginReloadAssembly (243ms)
			ExecutionOrderSort (0ms)
			DisableScriptedObjects (7ms)
			BackupInstance (0ms)
			ReleaseScriptingObjects (0ms)
			CreateAndSetChildDomain (37ms)
		EndReloadAssembly (1504ms)
			LoadAssemblies (200ms)
			RebuildTransferFunctionScriptingTraits (0ms)
			SetupTypeCache (461ms)
			ReleaseScriptCaches (4ms)
			RebuildScriptCaches (52ms)
			SetupLoadedEditorAssemblies (733ms)
				LogAssemblyErrors (0ms)
				InitializePlatformSupportModulesInManaged (111ms)
				SetLoadedEditorAssemblies (1ms)
				RefreshPlugins (1ms)
				BeforeProcessingInitializeOnLoad (169ms)
				ProcessInitializeOnLoadAttributes (350ms)
				ProcessInitializeOnLoadMethodAttributes (50ms)
				AfterProcessingInitializeOnLoad (50ms)
				EditorAssembliesLoaded (0ms)
			ExecutionOrderSort2 (0ms)
			AwakeInstancesAfterBackupRestoration (18ms)
Platform modules already initialized, skipping
Refreshing native plugins compatible for Editor in 5.42 ms, found 3 plugins.
Preloading 0 native plugins for Editor in 0.00 ms.
Unloading 3225 Unused Serialized files (Serialized files now loaded: 0)
Unloading 17 unused Assets / (24.6 KB). Loaded Objects now: 3754.
Memory consumption went from 116.4 MB to 116.3 MB.
Total: 4.887700 ms (FindLiveObjects: 0.286100 ms CreateObjectMapping: 0.084100 ms MarkObjects: 4.491100 ms  DeleteObjects: 0.025400 ms)

AssetImportParameters requested are different than current active one (requested -> active):
  custom:video-decoder-ogg-theora: a1e56fd34408186e4bbccfd4996cb3dc -> 
  custom:container-muxer-webm: aa71ff27fc2769a1b78a27578f13a17b -> 
  custom:container-demuxer-webm: 4f35f7cbe854078d1ac9338744f61a02 -> 
  custom:video-encoder-webm-vp8: eb34c28f22e8b96e1ab97ce403110664 -> 
  custom:audio-encoder-webm-vorbis: bf7c407c2cedff20999df2af8eb42d56 -> 
  custom:framework-win-MediaFoundation: 216162199b28c13a410421893ffa2e32 -> 
  custom:container-demuxer-ogg: 62fdf1f143b41e24485cea50d1cbac27 -> 
  custom:video-decoder-webm-vp8: 9c59270c3fd7afecdb556c50c9e8de78 -> 
  custom:audio-decoder-ogg-vorbis: bf7c407c2cedff20999df2af8eb42d56 -> 
========================================================================
Received Import Request.
  Time since last request: 1299.505782 seconds.
  path: Assets/Assets/images/DM0WIcone.png
  artifactKey: Guid(7c2f32e3ba639b645bb9d4abd69ff382) Importer(815301076,1909f56bfc062723c751e8b465ee728b)
Start importing Assets/Assets/images/DM0WIcone.png using Guid(7c2f32e3ba639b645bb9d4abd69ff382) Importer(815301076,1909f56bfc062723c751e8b465ee728b)  -> (artifact id: 'fbca7c1485332b9f3d4a108fe2498956') in 0.130920 seconds 
========================================================================
Received Import Request.
  Time since last request: 0.000022 seconds.
  path: Assets/Assets/images/LZPicone.png
  artifactKey: Guid(67505b10cc2a6004a99f25e5e7d41c1e) Importer(815301076,1909f56bfc062723c751e8b465ee728b)
Start importing Assets/Assets/images/LZPicone.png using Guid(67505b10cc2a6004a99f25e5e7d41c1e) Importer(815301076,1909f56bfc062723c751e8b465ee728b)  -> (artifact id: 'aa99c07323515c0272a58be64985b4ce') in 0.027323 seconds 
========================================================================
Received Prepare
Registering precompiled user dll's ...
Registered in 0.013086 seconds.
Begin MonoManager ReloadAssembly
Symbol file LoadedFromMemory doesn't match image E:\git\cuadrado\Cuadrado\Cuadrado\Library\PackageCache\com.unity.visualscripting@1.7.8\Editor\VisualScripting.Core\Dependencies\YamlDotNet\Unity.VisualScripting.YamlDotNet.dll
Symbol file LoadedFromMemory doesn't match image E:\git\cuadrado\Cuadrado\Cuadrado\Library\PackageCache\com.unity.visualscripting@1.7.8\Editor\VisualScripting.Core\Dependencies\DotNetZip\Unity.VisualScripting.IonicZip.dll
Native extension for WindowsStandalone target not found
Native extension for iOS target not found
Native extension for Android target not found
Refreshing native plugins compatible for Editor in 0.70 ms, found 3 plugins.
Preloading 0 native plugins for Editor in 0.00 ms.
Mono: successfully reloaded assembly
- Completed reload, in  2.255 seconds
Domain Reload Profiling:
	ReloadAssembly (2256ms)
		BeginReloadAssembly (239ms)
			ExecutionOrderSort (0ms)
			DisableScriptedObjects (7ms)
			BackupInstance (0ms)
			ReleaseScriptingObjects (0ms)
			CreateAndSetChildDomain (37ms)
		EndReloadAssembly (1724ms)
			LoadAssemblies (276ms)
			RebuildTransferFunctionScriptingTraits (0ms)
			SetupTypeCache (466ms)
			ReleaseScriptCaches (1ms)
			RebuildScriptCaches (70ms)
			SetupLoadedEditorAssemblies (851ms)
				LogAssemblyErrors (0ms)
				InitializePlatformSupportModulesInManaged (119ms)
				SetLoadedEditorAssemblies (1ms)
				RefreshPlugins (1ms)
				BeforeProcessingInitializeOnLoad (217ms)
				ProcessInitializeOnLoadAttributes (395ms)
				ProcessInitializeOnLoadMethodAttributes (59ms)
				AfterProcessingInitializeOnLoad (59ms)
				EditorAssembliesLoaded (0ms)
			ExecutionOrderSort2 (0ms)
			AwakeInstancesAfterBackupRestoration (11ms)
Platform modules already initialized, skipping
Refreshing native plugins compatible for Editor in 5.42 ms, found 3 plugins.
Preloading 0 native plugins for Editor in 0.00 ms.
Unloading 3225 Unused Serialized files (Serialized files now loaded: 0)
Unloading 17 unused Assets / (24.7 KB). Loaded Objects now: 3757.
Memory consumption went from 116.4 MB to 116.3 MB.
Total: 4.176300 ms (FindLiveObjects: 0.264300 ms CreateObjectMapping: 0.187900 ms MarkObjects: 3.695200 ms  DeleteObjects: 0.027700 ms)

AssetImportParameters requested are different than current active one (requested -> active):
  custom:video-decoder-ogg-theora: a1e56fd34408186e4bbccfd4996cb3dc -> 
  custom:container-muxer-webm: aa71ff27fc2769a1b78a27578f13a17b -> 
  custom:container-demuxer-webm: 4f35f7cbe854078d1ac9338744f61a02 -> 
  custom:video-encoder-webm-vp8: eb34c28f22e8b96e1ab97ce403110664 -> 
  custom:audio-encoder-webm-vorbis: bf7c407c2cedff20999df2af8eb42d56 -> 
  custom:framework-win-MediaFoundation: 216162199b28c13a410421893ffa2e32 -> 
  custom:container-demuxer-ogg: 62fdf1f143b41e24485cea50d1cbac27 -> 
  custom:video-decoder-webm-vp8: 9c59270c3fd7afecdb556c50c9e8de78 -> 
  custom:audio-decoder-ogg-vorbis: bf7c407c2cedff20999df2af8eb42d56 -> 
========================================================================
Received Prepare
Registering precompiled user dll's ...
Registered in 0.013545 seconds.
Begin MonoManager ReloadAssembly
Symbol file LoadedFromMemory doesn't match image E:\git\cuadrado\Cuadrado\Cuadrado\Library\PackageCache\com.unity.visualscripting@1.7.8\Editor\VisualScripting.Core\Dependencies\YamlDotNet\Unity.VisualScripting.YamlDotNet.dll
Symbol file LoadedFromMemory doesn't match image E:\git\cuadrado\Cuadrado\Cuadrado\Library\PackageCache\com.unity.visualscripting@1.7.8\Editor\VisualScripting.Core\Dependencies\DotNetZip\Unity.VisualScripting.IonicZip.dll
Native extension for WindowsStandalone target not found
Native extension for iOS target not found
Native extension for Android target not found
Refreshing native plugins compatible for Editor in 0.58 ms, found 3 plugins.
Preloading 0 native plugins for Editor in 0.00 ms.
Mono: successfully reloaded assembly
- Completed reload, in  1.969 seconds
Domain Reload Profiling:
	ReloadAssembly (1970ms)
		BeginReloadAssembly (254ms)
			ExecutionOrderSort (0ms)
			DisableScriptedObjects (9ms)
			BackupInstance (0ms)
			ReleaseScriptingObjects (0ms)
			CreateAndSetChildDomain (34ms)
		EndReloadAssembly (1530ms)
			LoadAssemblies (226ms)
			RebuildTransferFunctionScriptingTraits (0ms)
			SetupTypeCache (442ms)
			ReleaseScriptCaches (1ms)
			RebuildScriptCaches (71ms)
			SetupLoadedEditorAssemblies (714ms)
				LogAssemblyErrors (0ms)
				InitializePlatformSupportModulesInManaged (78ms)
				SetLoadedEditorAssemblies (1ms)
				RefreshPlugins (1ms)
				BeforeProcessingInitializeOnLoad (147ms)
				ProcessInitializeOnLoadAttributes (366ms)
				ProcessInitializeOnLoadMethodAttributes (50ms)
				AfterProcessingInitializeOnLoad (71ms)
				EditorAssembliesLoaded (0ms)
			ExecutionOrderSort2 (0ms)
			AwakeInstancesAfterBackupRestoration (14ms)
Platform modules already initialized, skipping
Refreshing native plugins compatible for Editor in 4.55 ms, found 3 plugins.
Preloading 0 native plugins for Editor in 0.00 ms.
Unloading 3225 Unused Serialized files (Serialized files now loaded: 0)
Unloading 17 unused Assets / (24.7 KB). Loaded Objects now: 3760.
Memory consumption went from 116.4 MB to 116.4 MB.
Total: 4.148400 ms (FindLiveObjects: 0.343000 ms CreateObjectMapping: 0.085300 ms MarkObjects: 3.680800 ms  DeleteObjects: 0.022900 ms)

AssetImportParameters requested are different than current active one (requested -> active):
  custom:video-decoder-ogg-theora: a1e56fd34408186e4bbccfd4996cb3dc -> 
  custom:container-muxer-webm: aa71ff27fc2769a1b78a27578f13a17b -> 
  custom:container-demuxer-webm: 4f35f7cbe854078d1ac9338744f61a02 -> 
  custom:video-encoder-webm-vp8: eb34c28f22e8b96e1ab97ce403110664 -> 
  custom:audio-encoder-webm-vorbis: bf7c407c2cedff20999df2af8eb42d56 -> 
  custom:framework-win-MediaFoundation: 216162199b28c13a410421893ffa2e32 -> 
  custom:container-demuxer-ogg: 62fdf1f143b41e24485cea50d1cbac27 -> 
  custom:video-decoder-webm-vp8: 9c59270c3fd7afecdb556c50c9e8de78 -> 
  custom:audio-decoder-ogg-vorbis: bf7c407c2cedff20999df2af8eb42d56 -> 
========================================================================
Received Import Request.
  Time since last request: 135.931913 seconds.
  path: Assets/Assets/images/DM0WIcone.png
  artifactKey: Guid(7c2f32e3ba639b645bb9d4abd69ff382) Importer(815301076,1909f56bfc062723c751e8b465ee728b)
Start importing Assets/Assets/images/DM0WIcone.png using Guid(7c2f32e3ba639b645bb9d4abd69ff382) Importer(815301076,1909f56bfc062723c751e8b465ee728b)  -> (artifact id: '68088a4c1bdcdf88c5912ee5ba9b1a80') in 0.109682 seconds 
========================================================================
Received Prepare
Registering precompiled user dll's ...
Registered in 0.013189 seconds.
Begin MonoManager ReloadAssembly
Symbol file LoadedFromMemory doesn't match image E:\git\cuadrado\Cuadrado\Cuadrado\Library\PackageCache\com.unity.visualscripting@1.7.8\Editor\VisualScripting.Core\Dependencies\YamlDotNet\Unity.VisualScripting.YamlDotNet.dll
Symbol file LoadedFromMemory doesn't match image E:\git\cuadrado\Cuadrado\Cuadrado\Library\PackageCache\com.unity.visualscripting@1.7.8\Editor\VisualScripting.Core\Dependencies\DotNetZip\Unity.VisualScripting.IonicZip.dll
Native extension for WindowsStandalone target not found
Native extension for iOS target not found
Native extension for Android target not found
Refreshing native plugins compatible for Editor in 0.57 ms, found 3 plugins.
Preloading 0 native plugins for Editor in 0.00 ms.
Mono: successfully reloaded assembly
- Completed reload, in  1.808 seconds
Domain Reload Profiling:
	ReloadAssembly (1809ms)
		BeginReloadAssembly (237ms)
			ExecutionOrderSort (0ms)
			DisableScriptedObjects (8ms)
			BackupInstance (0ms)
			ReleaseScriptingObjects (0ms)
			CreateAndSetChildDomain (38ms)
		EndReloadAssembly (1383ms)
			LoadAssemblies (193ms)
			RebuildTransferFunctionScriptingTraits (0ms)
			SetupTypeCache (407ms)
			ReleaseScriptCaches (1ms)
			RebuildScriptCaches (64ms)
			SetupLoadedEditorAssemblies (665ms)
				LogAssemblyErrors (0ms)
				InitializePlatformSupportModulesInManaged (94ms)
				SetLoadedEditorAssemblies (1ms)
				RefreshPlugins (1ms)
				BeforeProcessingInitializeOnLoad (165ms)
				ProcessInitializeOnLoadAttributes (313ms)
				ProcessInitializeOnLoadMethodAttributes (40ms)
				AfterProcessingInitializeOnLoad (51ms)
				EditorAssembliesLoaded (0ms)
			ExecutionOrderSort2 (0ms)
			AwakeInstancesAfterBackupRestoration (13ms)
Platform modules already initialized, skipping
Refreshing native plugins compatible for Editor in 6.83 ms, found 3 plugins.
Preloading 0 native plugins for Editor in 0.00 ms.
Unloading 3225 Unused Serialized files (Serialized files now loaded: 0)
Unloading 17 unused Assets / (24.6 KB). Loaded Objects now: 3763.
Memory consumption went from 116.4 MB to 116.4 MB.
Total: 3.985700 ms (FindLiveObjects: 0.252100 ms CreateObjectMapping: 0.079100 ms MarkObjects: 3.502000 ms  DeleteObjects: 0.151300 ms)

AssetImportParameters requested are different than current active one (requested -> active):
  custom:video-decoder-ogg-theora: a1e56fd34408186e4bbccfd4996cb3dc -> 
  custom:container-muxer-webm: aa71ff27fc2769a1b78a27578f13a17b -> 
  custom:container-demuxer-webm: 4f35f7cbe854078d1ac9338744f61a02 -> 
  custom:video-encoder-webm-vp8: eb34c28f22e8b96e1ab97ce403110664 -> 
  custom:audio-encoder-webm-vorbis: bf7c407c2cedff20999df2af8eb42d56 -> 
  custom:framework-win-MediaFoundation: 216162199b28c13a410421893ffa2e32 -> 
  custom:container-demuxer-ogg: 62fdf1f143b41e24485cea50d1cbac27 -> 
  custom:video-decoder-webm-vp8: 9c59270c3fd7afecdb556c50c9e8de78 -> 
  custom:audio-decoder-ogg-vorbis: bf7c407c2cedff20999df2af8eb42d56 -> 
